2021-11-08 22:03:09.393 INFO  com.example.wiki.config.WikiApplication                  :55   [32m                  [0;39m
        Starting WikiApplication using Java 11.0.13 on DESKTOP-CUQEJ5B with PID 13436 (D:\wiki\build\classes\java\main started by iPisces42 in D:\wiki)
2021-11-08 22:03:09.392 INFO  org.hibernate.validator.internal.util.Version     :21   [32m                  [0;39m
        HV000001: Hibernate Validator 6.1.7.Final
2021-11-08 22:03:09.396 INFO  com.example.wiki.config.WikiApplication                  :664  [32m                  [0;39m
        No active profile set, falling back to default profiles: default
2021-11-08 22:03:09.880 INFO  o.s.d.r.config.RepositoryConfigurationDelegate    :250  [32m                  [0;39m
        Multiple Spring Data modules found, entering strict repository configuration mode!
2021-11-08 22:03:09.882 INFO  o.s.d.r.config.RepositoryConfigurationDelegate    :128  [32m                  [0;39m
        Bootstrapping Spring Data Redis repositories in DEFAULT mode.
2021-11-08 22:03:09.896 INFO  o.s.d.r.config.RepositoryConfigurationDelegate    :188  [32m                  [0;39m
        Finished Spring Data repository scanning in 3 ms. Found 0 Redis repository interfaces.
2021-11-08 22:03:09.972 WARN  org.mybatis.spring.mapper.ClassPathMapperScanner  :44   [32m                  [0;39m
        No MyBatis mapper was found in '[com.example.wiki]' package. Please check your configuration.
2021-11-08 22:03:11.526 INFO  o.s.boot.web.embedded.tomcat.TomcatWebServer      :108  [32m                  [0;39m
        Tomcat initialized with port(s): 8080 (http)
2021-11-08 22:03:11.534 INFO  org.apache.coyote.http11.Http11NioProtocol        :173  [32m                  [0;39m
        Initializing ProtocolHandler ["http-nio-8080"]
2021-11-08 22:03:11.534 INFO  org.apache.catalina.core.StandardService          :173  [32m                  [0;39m
        Starting service [Tomcat]
2021-11-08 22:03:11.535 INFO  org.apache.catalina.core.StandardEngine           :173  [32m                  [0;39m
        Starting Servlet engine: [Apache Tomcat/9.0.54]
2021-11-08 22:03:11.650 INFO  o.a.c.core.ContainerBase.[Tomcat].[localhost].[/] :173  [32m                  [0;39m
        Initializing Spring embedded WebApplicationContext
2021-11-08 22:03:11.650 INFO  o.s.b.w.s.c.ServletWebServerApplicationContext    :289  [32m                  [0;39m
        Root WebApplicationContext: initialization completed in 2225 ms
2021-11-08 22:03:11.885 WARN  o.s.b.w.s.c.AnnotationConfigServletWebServerApplicationContext:591  [32m                  [0;39m
        Exception encountered during context initialization - cancelling refresh attempt: org.springframework.beans.factory.BeanCreationException: Error creating bean with name 'dataSource' defined in class path resource [org/springframework/boot/autoconfigure/jdbc/DataSourceConfiguration$Hikari.class]: Bean instantiation via factory method failed; nested exception is org.springframework.beans.BeanInstantiationException: Failed to instantiate [com.zaxxer.hikari.HikariDataSource]: Factory method 'dataSource' threw exception; nested exception is org.springframework.boot.autoconfigure.jdbc.DataSourceProperties$DataSourceBeanCreationException: Failed to determine a suitable driver class
2021-11-08 22:03:11.888 INFO  org.apache.catalina.core.StandardService          :173  [32m                  [0;39m
        Stopping service [Tomcat]
2021-11-08 22:03:11.902 INFO  o.s.b.a.l.ConditionEvaluationReportLoggingListener:136  [32m                  [0;39m
        

Error starting ApplicationContext. To display the conditions report re-run your application with 'debug' enabled.
2021-11-08 22:03:11.911 ERROR o.s.b.diagnostics.LoggingFailureAnalysisReporter  :40   [32m                  [0;39m
        

***************************
APPLICATION FAILED TO START
***************************

Description:

Failed to configure a DataSource: 'url' attribute is not specified and no embedded datasource could be configured.

Reason: Failed to determine a suitable driver class


Action:

Consider the following:
	If you want an embedded database (H2, HSQL or Derby), please put it on the classpath.
	If you have database settings to be loaded from a particular profile you may need to activate it (no profiles are currently active).

2021-11-08 22:11:17.010 INFO  com.example.wiki.config.WikiApplication                  :55   [32m                  [0;39m
        Starting WikiApplication using Java 11.0.13 on DESKTOP-CUQEJ5B with PID 26748 (D:\wiki\build\classes\java\main started by iPisces42 in D:\wiki)
2021-11-08 22:11:17.010 INFO  org.hibernate.validator.internal.util.Version     :21   [32m                  [0;39m
        HV000001: Hibernate Validator 6.1.7.Final
2021-11-08 22:11:17.013 INFO  com.example.wiki.config.WikiApplication                  :664  [32m                  [0;39m
        No active profile set, falling back to default profiles: default
2021-11-08 22:11:17.401 INFO  o.s.d.r.config.RepositoryConfigurationDelegate    :250  [32m                  [0;39m
        Multiple Spring Data modules found, entering strict repository configuration mode!
2021-11-08 22:11:17.403 INFO  o.s.d.r.config.RepositoryConfigurationDelegate    :128  [32m                  [0;39m
        Bootstrapping Spring Data Redis repositories in DEFAULT mode.
2021-11-08 22:11:17.415 INFO  o.s.d.r.config.RepositoryConfigurationDelegate    :188  [32m                  [0;39m
        Finished Spring Data repository scanning in 3 ms. Found 0 Redis repository interfaces.
2021-11-08 22:11:17.475 WARN  org.mybatis.spring.mapper.ClassPathMapperScanner  :44   [32m                  [0;39m
        No MyBatis mapper was found in '[com.example.wiki]' package. Please check your configuration.
2021-11-08 22:11:17.787 INFO  o.s.boot.web.embedded.tomcat.TomcatWebServer      :108  [32m                  [0;39m
        Tomcat initialized with port(s): 8080 (http)
2021-11-08 22:11:17.795 INFO  org.apache.coyote.http11.Http11NioProtocol        :173  [32m                  [0;39m
        Initializing ProtocolHandler ["http-nio-8080"]
2021-11-08 22:11:17.795 INFO  org.apache.catalina.core.StandardService          :173  [32m                  [0;39m
        Starting service [Tomcat]
2021-11-08 22:11:17.795 INFO  org.apache.catalina.core.StandardEngine           :173  [32m                  [0;39m
        Starting Servlet engine: [Apache Tomcat/9.0.54]
2021-11-08 22:11:17.899 INFO  o.a.c.core.ContainerBase.[Tomcat].[localhost].[/] :173  [32m                  [0;39m
        Initializing Spring embedded WebApplicationContext
2021-11-08 22:11:17.899 INFO  o.s.b.w.s.c.ServletWebServerApplicationContext    :289  [32m                  [0;39m
        Root WebApplicationContext: initialization completed in 860 ms
2021-11-08 22:11:18.112 WARN  o.s.b.w.s.c.AnnotationConfigServletWebServerApplicationContext:591  [32m                  [0;39m
        Exception encountered during context initialization - cancelling refresh attempt: org.springframework.beans.factory.BeanCreationException: Error creating bean with name 'dataSource' defined in class path resource [org/springframework/boot/autoconfigure/jdbc/DataSourceConfiguration$Hikari.class]: Bean instantiation via factory method failed; nested exception is org.springframework.beans.BeanInstantiationException: Failed to instantiate [com.zaxxer.hikari.HikariDataSource]: Factory method 'dataSource' threw exception; nested exception is org.springframework.boot.autoconfigure.jdbc.DataSourceProperties$DataSourceBeanCreationException: Failed to determine a suitable driver class
2021-11-08 22:11:18.114 INFO  org.apache.catalina.core.StandardService          :173  [32m                  [0;39m
        Stopping service [Tomcat]
2021-11-08 22:11:18.123 INFO  o.s.b.a.l.ConditionEvaluationReportLoggingListener:136  [32m                  [0;39m
        

Error starting ApplicationContext. To display the conditions report re-run your application with 'debug' enabled.
2021-11-08 22:11:18.133 ERROR o.s.b.diagnostics.LoggingFailureAnalysisReporter  :40   [32m                  [0;39m
        

***************************
APPLICATION FAILED TO START
***************************

Description:

Failed to configure a DataSource: 'url' attribute is not specified and no embedded datasource could be configured.

Reason: Failed to determine a suitable driver class


Action:

Consider the following:
	If you want an embedded database (H2, HSQL or Derby), please put it on the classpath.
	If you have database settings to be loaded from a particular profile you may need to activate it (no profiles are currently active).

2021-11-08 22:29:40.925 INFO  org.hibernate.validator.internal.util.Version     :21   [32m                  [0;39m
        HV000001: Hibernate Validator 6.1.7.Final
2021-11-08 22:29:40.926 INFO  com.example.wiki.config.WikiApplication           :55   [32m                  [0;39m
        Starting WikiApplication using Java 11.0.13 on DESKTOP-CUQEJ5B with PID 30972 (D:\wiki\build\classes\java\main started by iPisces42 in D:\wiki)
2021-11-08 22:29:40.929 INFO  com.example.wiki.config.WikiApplication           :664  [32m                  [0;39m
        No active profile set, falling back to default profiles: default
2021-11-08 22:29:41.562 INFO  o.s.boot.web.embedded.tomcat.TomcatWebServer      :108  [32m                  [0;39m
        Tomcat initialized with port(s): 8080 (http)
2021-11-08 22:29:41.569 INFO  org.apache.coyote.http11.Http11NioProtocol        :173  [32m                  [0;39m
        Initializing ProtocolHandler ["http-nio-8080"]
2021-11-08 22:29:41.570 INFO  org.apache.catalina.core.StandardService          :173  [32m                  [0;39m
        Starting service [Tomcat]
2021-11-08 22:29:41.570 INFO  org.apache.catalina.core.StandardEngine           :173  [32m                  [0;39m
        Starting Servlet engine: [Apache Tomcat/9.0.54]
2021-11-08 22:29:41.643 INFO  o.a.c.core.ContainerBase.[Tomcat].[localhost].[/] :173  [32m                  [0;39m
        Initializing Spring embedded WebApplicationContext
2021-11-08 22:29:41.643 INFO  o.s.b.w.s.c.ServletWebServerApplicationContext    :289  [32m                  [0;39m
        Root WebApplicationContext: initialization completed in 688 ms
2021-11-08 22:29:41.877 INFO  org.apache.coyote.http11.Http11NioProtocol        :173  [32m                  [0;39m
        Starting ProtocolHandler ["http-nio-8080"]
2021-11-08 22:29:41.889 INFO  o.s.boot.web.embedded.tomcat.TomcatWebServer      :220  [32m                  [0;39m
        Tomcat started on port(s): 8080 (http) with context path ''
2021-11-08 22:29:41.897 INFO  com.example.wiki.config.WikiApplication           :61   [32m                  [0;39m
        Started WikiApplication in 1.278 seconds (JVM running for 3.11)
2021-11-08 22:29:41.899 INFO  com.example.wiki.config.WikiApplication           :16   [32m                  [0;39m
        启动成功！！
2021-11-08 22:29:41.899 INFO  com.example.wiki.config.WikiApplication           :17   [32m                  [0;39m
        地址: 	http://127.0.0.1:null
2021-11-08 22:30:29.067 INFO  o.a.c.core.ContainerBase.[Tomcat].[localhost].[/] :173  [32m                  [0;39m
        Initializing Spring DispatcherServlet 'dispatcherServlet'
2021-11-08 22:30:29.067 INFO  org.springframework.web.servlet.DispatcherServlet :525  [32m                  [0;39m
        Initializing Servlet 'dispatcherServlet'
2021-11-08 22:30:29.068 INFO  org.springframework.web.servlet.DispatcherServlet :547  [32m                  [0;39m
        Completed initialization in 1 ms
2021-11-08 22:30:47.018 WARN  o.s.w.s.m.support.DefaultHandlerExceptionResolver :208  [32m                  [0;39m
        Resolved [org.springframework.web.HttpRequestMethodNotSupportedException: Request method 'POST' not supported]
